
**** Rebuild of configuration Debug for project Networks Project 3 ****

**** Internal Builder is used for build               ****
gcc -IE:\CNT 6215 - Computer Networks\csim20_windows_student\csim20_windows_student\Windows\vs2008_student\c -IE:\CNT 6215 - Computer Networks\csim20_windows_student\csim20_windows_student\Windows\vs2008_student\c\lib -O0 -g3 -Wall -c -fmessage-length=0 -oProject_03\mini3_skeleton.o ..\Project_03\mini3_skeleton.c
..\Project_03\mini3_skeleton.c: In function 'sim':
..\Project_03\mini3_skeleton.c:195:2: warning: format '%d' expects type 'int', but argument 2 has type 'long int'
..\Project_03\mini3_skeleton.c:205:2: warning: unknown conversion type character 0x20 in format
..\Project_03\mini3_skeleton.c:205:2: warning: too many arguments for format
..\Project_03\mini3_skeleton.c:214:2: warning: unknown conversion type character 0x20 in format
..\Project_03\mini3_skeleton.c:214:2: warning: too many arguments for format
gcc -oNetworks Project 3.exe Project_03\mini3_skeleton.o
Project_03\mini3_skeleton.o: In function `sim':
C:\Users\Joshua\Desktop\Java Algorithms Practice\Networks Project 3\Debug/../Project_03/mini3_skeleton.c:135: undefined reference to `x_create'
C:\Users\Joshua\Desktop\Java Algorithms Practice\Networks Project 3\Debug/../Project_03/mini3_skeleton.c:138: undefined reference to `create_facility'
C:\Users\Joshua\Desktop\Java Algorithms Practice\Networks Project 3\Debug/../Project_03/mini3_skeleton.c:139: undefined reference to `create_facility'
C:\Users\Joshua\Desktop\Java Algorithms Practice\Networks Project 3\Debug/../Project_03/mini3_skeleton.c:140: undefined reference to `create_table'
C:\Users\Joshua\Desktop\Java Algorithms Practice\Networks Project 3\Debug/../Project_03/mini3_skeleton.c:141: undefined reference to `create_table'
C:\Users\Joshua\Desktop\Java Algorithms Practice\Networks Project 3\Debug/../Project_03/mini3_skeleton.c:142: undefined reference to `create_table'
C:\Users\Joshua\Desktop\Java Algorithms Practice\Networks Project 3\Debug/../Project_03/mini3_skeleton.c:143: undefined reference to `table_moving_window'
C:\Users\Joshua\Desktop\Java Algorithms Practice\Networks Project 3\Debug/../Project_03/mini3_skeleton.c:144: undefined reference to `create_table'
C:\Users\Joshua\Desktop\Java Algorithms Practice\Networks Project 3\Debug/../Project_03/mini3_skeleton.c:145: undefined reference to `create_table'
C:\Users\Joshua\Desktop\Java Algorithms Practice\Networks Project 3\Debug/../Project_03/mini3_skeleton.c:146: undefined reference to `create_table'
C:\Users\Joshua\Desktop\Java Algorithms Practice\Networks Project 3\Debug/../Project_03/mini3_skeleton.c:147: undefined reference to `table_moving_window'
C:\Users\Joshua\Desktop\Java Algorithms Practice\Networks Project 3\Debug/../Project_03/mini3_skeleton.c:148: undefined reference to `create_table'
C:\Users\Joshua\Desktop\Java Algorithms Practice\Networks Project 3\Debug/../Project_03/mini3_skeleton.c:149: undefined reference to `table_moving_window'
C:\Users\Joshua\Desktop\Java Algorithms Practice\Networks Project 3\Debug/../Project_03/mini3_skeleton.c:150: undefined reference to `create_table'
C:\Users\Joshua\Desktop\Java Algorithms Practice\Networks Project 3\Debug/../Project_03/mini3_skeleton.c:151: undefined reference to `create_table'
C:\Users\Joshua\Desktop\Java Algorithms Practice\Networks Project 3\Debug/../Project_03/mini3_skeleton.c:152: undefined reference to `table_moving_window'
C:\Users\Joshua\Desktop\Java Algorithms Practice\Networks Project 3\Debug/../Project_03/mini3_skeleton.c:153: undefined reference to `create_table'
C:\Users\Joshua\Desktop\Java Algorithms Practice\Networks Project 3\Debug/../Project_03/mini3_skeleton.c:154: undefined reference to `create_table'
C:\Users\Joshua\Desktop\Java Algorithms Practice\Networks Project 3\Debug/../Project_03/mini3_skeleton.c:155: undefined reference to `create_table'
C:\Users\Joshua\Desktop\Java Algorithms Practice\Networks Project 3\Debug/../Project_03/mini3_skeleton.c:156: undefined reference to `create_table'
C:\Users\Joshua\Desktop\Java Algorithms Practice\Networks Project 3\Debug/../Project_03/mini3_skeleton.c:157: undefined reference to `create_table'
C:\Users\Joshua\Desktop\Java Algorithms Practice\Networks Project 3\Debug/../Project_03/mini3_skeleton.c:158: undefined reference to `table_moving_window'
C:\Users\Joshua\Desktop\Java Algorithms Practice\Networks Project 3\Debug/../Project_03/mini3_skeleton.c:159: undefined reference to `create_table'
C:\Users\Joshua\Desktop\Java Algorithms Practice\Networks Project 3\Debug/../Project_03/mini3_skeleton.c:160: undefined reference to `table_moving_window'
C:\Users\Joshua\Desktop\Java Algorithms Practice\Networks Project 3\Debug/../Project_03/mini3_skeleton.c:170: undefined reference to `csim_clock'
C:\Users\Joshua\Desktop\Java Algorithms Practice\Networks Project 3\Debug/../Project_03/mini3_skeleton.c:170: undefined reference to `csim_clock'
C:\Users\Joshua\Desktop\Java Algorithms Practice\Networks Project 3\Debug/../Project_03/mini3_skeleton.c:178: undefined reference to `hold'
C:\Users\Joshua\Desktop\Java Algorithms Practice\Networks Project 3\Debug/../Project_03/mini3_skeleton.c:193: undefined reference to `cputime'
C:\Users\Joshua\Desktop\Java Algorithms Practice\Networks Project 3\Debug/../Project_03/mini3_skeleton.c:194: undefined reference to `csim_clock'
C:\Users\Joshua\Desktop\Java Algorithms Practice\Networks Project 3\Debug/../Project_03/mini3_skeleton.c:194: undefined reference to `csim_clock'
C:\Users\Joshua\Desktop\Java Algorithms Practice\Networks Project 3\Debug/../Project_03/mini3_skeleton.c:195: undefined reference to `completions'
C:\Users\Joshua\Desktop\Java Algorithms Practice\Networks Project 3\Debug/../Project_03/mini3_skeleton.c:195: undefined reference to `completions'
C:\Users\Joshua\Desktop\Java Algorithms Practice\Networks Project 3\Debug/../Project_03/mini3_skeleton.c:199: undefined reference to `table_mean'
C:\Users\Joshua\Desktop\Java Algorithms Practice\Networks Project 3\Debug/../Project_03/mini3_skeleton.c:201: undefined reference to `table_sum'
C:\Users\Joshua\Desktop\Java Algorithms Practice\Networks Project 3\Debug/../Project_03/mini3_skeleton.c:201: undefined reference to `table_sum'
C:\Users\Joshua\Desktop\Java Algorithms Practice\Networks Project 3\Debug/../Project_03/mini3_skeleton.c:205: undefined reference to `completions'
C:\Users\Joshua\Desktop\Java Algorithms Practice\Networks Project 3\Debug/../Project_03/mini3_skeleton.c:206: undefined reference to `util'
C:\Users\Joshua\Desktop\Java Algorithms Practice\Networks Project 3\Debug/../Project_03/mini3_skeleton.c:207: undefined reference to `qlen'
C:\Users\Joshua\Desktop\Java Algorithms Practice\Networks Project 3\Debug/../Project_03/mini3_skeleton.c:208: undefined reference to `resp'
C:\Users\Joshua\Desktop\Java Algorithms Practice\Networks Project 3\Debug/../Project_03/mini3_skeleton.c:209: undefined reference to `serv'
C:\Users\Joshua\Desktop\Java Algorithms Practice\Networks Project 3\Debug/../Project_03/mini3_skeleton.c:210: undefined reference to `tput'
C:\Users\Joshua\Desktop\Java Algorithms Practice\Networks Project 3\Debug/../Project_03/mini3_skeleton.c:214: undefined reference to `completions'
C:\Users\Joshua\Desktop\Java Algorithms Practice\Networks Project 3\Debug/../Project_03/mini3_skeleton.c:215: undefined reference to `util'
C:\Users\Joshua\Desktop\Java Algorithms Practice\Networks Project 3\Debug/../Project_03/mini3_skeleton.c:216: undefined reference to `qlen'
C:\Users\Joshua\Desktop\Java Algorithms Practice\Networks Project 3\Debug/../Project_03/mini3_skeleton.c:217: undefined reference to `resp'
C:\Users\Joshua\Desktop\Java Algorithms Practice\Networks Project 3\Debug/../Project_03/mini3_skeleton.c:218: undefined reference to `serv'
C:\Users\Joshua\Desktop\Java Algorithms Practice\Networks Project 3\Debug/../Project_03/mini3_skeleton.c:219: undefined reference to `tput'
Project_03\mini3_skeleton.o: In function `generate':
C:\Users\Joshua\Desktop\Java Algorithms Practice\Networks Project 3\Debug/../Project_03/mini3_skeleton.c:246: undefined reference to `x_create'
C:\Users\Joshua\Desktop\Java Algorithms Practice\Networks Project 3\Debug/../Project_03/mini3_skeleton.c:253: undefined reference to `stream_hyperx'
C:\Users\Joshua\Desktop\Java Algorithms Practice\Networks Project 3\Debug/../Project_03/mini3_skeleton.c:255: undefined reference to `hold'
Project_03\mini3_skeleton.o: In function `linkDecision':
C:\Users\Joshua\Desktop\Java Algorithms Practice\Networks Project 3\Debug/../Project_03/mini3_skeleton.c:266: undefined reference to `x_create'
C:\Users\Joshua\Desktop\Java Algorithms Practice\Networks Project 3\Debug/../Project_03/mini3_skeleton.c:272: undefined reference to `csim_clock'
C:\Users\Joshua\Desktop\Java Algorithms Practice\Networks Project 3\Debug/../Project_03/mini3_skeleton.c:288: undefined reference to `table_mean'
C:\Users\Joshua\Desktop\Java Algorithms Practice\Networks Project 3\Debug/../Project_03/mini3_skeleton.c:289: undefined reference to `table_mean'
C:\Users\Joshua\Desktop\Java Algorithms Practice\Networks Project 3\Debug/../Project_03/mini3_skeleton.c:289: undefined reference to `table_mean'
C:\Users\Joshua\Desktop\Java Algorithms Practice\Networks Project 3\Debug/../Project_03/mini3_skeleton.c:290: undefined reference to `table_mean'
C:\Users\Joshua\Desktop\Java Algorithms Practice\Networks Project 3\Debug/../Project_03/mini3_skeleton.c:290: undefined reference to `table_mean'
C:\Users\Joshua\Desktop\Java Algorithms Practice\Networks Project 3\Debug/../Project_03/mini3_skeleton.c:291: undefined reference to `table_sum'
C:\Users\Joshua\Desktop\Java Algorithms Practice\Networks Project 3\Debug/../Project_03/mini3_skeleton.c:292: undefined reference to `table_mean'
C:\Users\Joshua\Desktop\Java Algorithms Practice\Networks Project 3\Debug/../Project_03/mini3_skeleton.c:292: undefined reference to `table_mean'
C:\Users\Joshua\Desktop\Java Algorithms Practice\Networks Project 3\Debug/../Project_03/mini3_skeleton.c:302: undefined reference to `csim_clock'
C:\Users\Joshua\Desktop\Java Algorithms Practice\Networks Project 3\Debug/../Project_03/mini3_skeleton.c:302: undefined reference to `csim_clock'
C:\Users\Joshua\Desktop\Java Algorithms Practice\Networks Project 3\Debug/../Project_03/mini3_skeleton.c:306: undefined reference to `stream_hyperx'
C:\Users\Joshua\Desktop\Java Algorithms Practice\Networks Project 3\Debug/../Project_03/mini3_skeleton.c:308: undefined reference to `csim_clock'
C:\Users\Joshua\Desktop\Java Algorithms Practice\Networks Project 3\Debug/../Project_03/mini3_skeleton.c:308: undefined reference to `csim_clock'
C:\Users\Joshua\Desktop\Java Algorithms Practice\Networks Project 3\Debug/../Project_03/mini3_skeleton.c:319: undefined reference to `csim_clock'
C:\Users\Joshua\Desktop\Java Algorithms Practice\Networks Project 3\Debug/../Project_03/mini3_skeleton.c:319: undefined reference to `csim_clock'
C:\Users\Joshua\Desktop\Java Algorithms Practice\Networks Project 3\Debug/../Project_03/mini3_skeleton.c:324: undefined reference to `stream_hyperx'
C:\Users\Joshua\Desktop\Java Algorithms Practice\Networks Project 3\Debug/../Project_03/mini3_skeleton.c:326: undefined reference to `csim_clock'
C:\Users\Joshua\Desktop\Java Algorithms Practice\Networks Project 3\Debug/../Project_03/mini3_skeleton.c:326: undefined reference to `csim_clock'
C:\Users\Joshua\Desktop\Java Algorithms Practice\Networks Project 3\Debug/../Project_03/mini3_skeleton.c:333: undefined reference to `stream_hyperx'
C:\Users\Joshua\Desktop\Java Algorithms Practice\Networks Project 3\Debug/../Project_03/mini3_skeleton.c:335: undefined reference to `csim_clock'
C:\Users\Joshua\Desktop\Java Algorithms Practice\Networks Project 3\Debug/../Project_03/mini3_skeleton.c:335: undefined reference to `csim_clock'
C:\Users\Joshua\Desktop\Java Algorithms Practice\Networks Project 3\Debug/../Project_03/mini3_skeleton.c:339: undefined reference to `stream_hyperx'
C:\Users\Joshua\Desktop\Java Algorithms Practice\Networks Project 3\Debug/../Project_03/mini3_skeleton.c:341: undefined reference to `csim_clock'
C:\Users\Joshua\Desktop\Java Algorithms Practice\Networks Project 3\Debug/../Project_03/mini3_skeleton.c:341: undefined reference to `csim_clock'
Project_03\mini3_skeleton.o: In function `queue1':
C:\Users\Joshua\Desktop\Java Algorithms Practice\Networks Project 3\Debug/../Project_03/mini3_skeleton.c:353: undefined reference to `x_create'
C:\Users\Joshua\Desktop\Java Algorithms Practice\Networks Project 3\Debug/../Project_03/mini3_skeleton.c:356: undefined reference to `reserve'
C:\Users\Joshua\Desktop\Java Algorithms Practice\Networks Project 3\Debug/../Project_03/mini3_skeleton.c:357: undefined reference to `hold'
C:\Users\Joshua\Desktop\Java Algorithms Practice\Networks Project 3\Debug/../Project_03/mini3_skeleton.c:358: undefined reference to `release'
Project_03\mini3_skeleton.o: In function `queue2':
C:\Users\Joshua\Desktop\Java Algorithms Practice\Networks Project 3\Debug/../Project_03/mini3_skeleton.c:370: undefined reference to `x_create'
C:\Users\Joshua\Desktop\Java Algorithms Practice\Networks Project 3\Debug/../Project_03/mini3_skeleton.c:373: undefined reference to `reserve'
C:\Users\Joshua\Desktop\Java Algorithms Practice\Networks Project 3\Debug/../Project_03/mini3_skeleton.c:374: undefined reference to `hold'
C:\Users\Joshua\Desktop\Java Algorithms Practice\Networks Project 3\Debug/../Project_03/mini3_skeleton.c:375: undefined reference to `release'
Project_03\mini3_skeleton.o: In function `collectStatistics':
C:\Users\Joshua\Desktop\Java Algorithms Practice\Networks Project 3\Debug/../Project_03/mini3_skeleton.c:383: undefined reference to `csim_clock'
C:\Users\Joshua\Desktop\Java Algorithms Practice\Networks Project 3\Debug/../Project_03/mini3_skeleton.c:383: undefined reference to `record'
C:\Users\Joshua\Desktop\Java Algorithms Practice\Networks Project 3\Debug/../Project_03/mini3_skeleton.c:384: undefined reference to `csim_clock'
C:\Users\Joshua\Desktop\Java Algorithms Practice\Networks Project 3\Debug/../Project_03/mini3_skeleton.c:384: undefined reference to `record'
C:\Users\Joshua\Desktop\Java Algorithms Practice\Networks Project 3\Debug/../Project_03/mini3_skeleton.c:386: undefined reference to `qlen'
C:\Users\Joshua\Desktop\Java Algorithms Practice\Networks Project 3\Debug/../Project_03/mini3_skeleton.c:386: undefined reference to `record'
C:\Users\Joshua\Desktop\Java Algorithms Practice\Networks Project 3\Debug/../Project_03/mini3_skeleton.c:387: undefined reference to `qlen'
C:\Users\Joshua\Desktop\Java Algorithms Practice\Networks Project 3\Debug/../Project_03/mini3_skeleton.c:387: undefined reference to `record'
C:\Users\Joshua\Desktop\Java Algorithms Practice\Networks Project 3\Debug/../Project_03/mini3_skeleton.c:388: undefined reference to `qlen'
C:\Users\Joshua\Desktop\Java Algorithms Practice\Networks Project 3\Debug/../Project_03/mini3_skeleton.c:388: undefined reference to `record'
C:\Users\Joshua\Desktop\Java Algorithms Practice\Networks Project 3\Debug/../Project_03/mini3_skeleton.c:389: undefined reference to `qlen'
C:\Users\Joshua\Desktop\Java Algorithms Practice\Networks Project 3\Debug/../Project_03/mini3_skeleton.c:389: undefined reference to `record'
C:\Users\Joshua\Desktop\Java Algorithms Practice\Networks Project 3\Debug/../Project_03/mini3_skeleton.c:391: undefined reference to `qlen'
C:\Users\Joshua\Desktop\Java Algorithms Practice\Networks Project 3\Debug/../Project_03/mini3_skeleton.c:391: undefined reference to `qlen'
C:\Users\Joshua\Desktop\Java Algorithms Practice\Networks Project 3\Debug/../Project_03/mini3_skeleton.c:391: undefined reference to `record'
C:\Users\Joshua\Desktop\Java Algorithms Practice\Networks Project 3\Debug/../Project_03/mini3_skeleton.c:392: undefined reference to `qlen'
C:\Users\Joshua\Desktop\Java Algorithms Practice\Networks Project 3\Debug/../Project_03/mini3_skeleton.c:392: undefined reference to `qlen'
C:\Users\Joshua\Desktop\Java Algorithms Practice\Networks Project 3\Debug/../Project_03/mini3_skeleton.c:392: undefined reference to `record'
C:\Users\Joshua\Desktop\Java Algorithms Practice\Networks Project 3\Debug/../Project_03/mini3_skeleton.c:394: undefined reference to `util'
C:\Users\Joshua\Desktop\Java Algorithms Practice\Networks Project 3\Debug/../Project_03/mini3_skeleton.c:394: undefined reference to `record'
C:\Users\Joshua\Desktop\Java Algorithms Practice\Networks Project 3\Debug/../Project_03/mini3_skeleton.c:395: undefined reference to `util'
C:\Users\Joshua\Desktop\Java Algorithms Practice\Networks Project 3\Debug/../Project_03/mini3_skeleton.c:395: undefined reference to `record'
C:\Users\Joshua\Desktop\Java Algorithms Practice\Networks Project 3\Debug/../Project_03/mini3_skeleton.c:396: undefined reference to `util'
C:\Users\Joshua\Desktop\Java Algorithms Practice\Networks Project 3\Debug/../Project_03/mini3_skeleton.c:396: undefined reference to `record'
C:\Users\Joshua\Desktop\Java Algorithms Practice\Networks Project 3\Debug/../Project_03/mini3_skeleton.c:397: undefined reference to `util'
C:\Users\Joshua\Desktop\Java Algorithms Practice\Networks Project 3\Debug/../Project_03/mini3_skeleton.c:397: undefined reference to `record'
C:\Users\Joshua\Desktop\Java Algorithms Practice\Networks Project 3\Debug/../Project_03/mini3_skeleton.c:398: undefined reference to `util'
C:\Users\Joshua\Desktop\Java Algorithms Practice\Networks Project 3\Debug/../Project_03/mini3_skeleton.c:398: undefined reference to `util'
C:\Users\Joshua\Desktop\Java Algorithms Practice\Networks Project 3\Debug/../Project_03/mini3_skeleton.c:398: undefined reference to `record'
C:\Users\Joshua\Desktop\Java Algorithms Practice\Networks Project 3\Debug/../Project_03/mini3_skeleton.c:399: undefined reference to `util'
C:\Users\Joshua\Desktop\Java Algorithms Practice\Networks Project 3\Debug/../Project_03/mini3_skeleton.c:399: undefined reference to `util'
C:\Users\Joshua\Desktop\Java Algorithms Practice\Networks Project 3\Debug/../Project_03/mini3_skeleton.c:399: undefined reference to `record'
C:\Users\Joshua\Desktop\Java Algorithms Practice\Networks Project 3\Debug/../Project_03/mini3_skeleton.c:405: undefined reference to `csim_clock'
C:\Users\Joshua\Desktop\Java Algorithms Practice\Networks Project 3\Debug/../Project_03/mini3_skeleton.c:405: undefined reference to `record'
C:\Users\Joshua\Desktop\Java Algorithms Practice\Networks Project 3\Debug/../Project_03/mini3_skeleton.c:408: undefined reference to `csim_clock'
c:/mingw/bin/../lib/gcc/mingw32/4.5.2/../../../libmingw32.a(main.o):main.c:(.text+0xd2): undefined reference to `WinMain@16'
collect2: ld returned 1 exit status
Build error occurred, build is stopped
Time consumed: 4823  ms.  
