
**** Build of configuration Debug for project Networks Project 1 ****

**** Internal Builder is used for build               ****
gcc -oNetworks Project 1.exe udpServer_v_03.o udpClient.o
udpClient.o: In function `main':
C:\Users\Joshua\Desktop\Java Algorithms Practice\Networks Project 1\Debug/../udpClient.c:62: multiple definition of `main'
udpServer_v_03.o:C:\Users\Joshua\Desktop\Java Algorithms Practice\Networks Project 1\Debug/../udpServer_v_03.c:77: first defined here
udpServer_v_03.o:udpServer_v_03.c:(.text+0xb0): undefined reference to `WSAStartup@8'
udpServer_v_03.o:udpServer_v_03.c:(.text+0xcf): undefined reference to `socket@12'
udpServer_v_03.o:udpServer_v_03.c:(.text+0x117): undefined reference to `htons@4'
udpServer_v_03.o:udpServer_v_03.c:(.text+0x12d): undefined reference to `htonl@4'
udpServer_v_03.o:udpServer_v_03.c:(.text+0x15d): undefined reference to `ioctlsocket@12'
udpServer_v_03.o:udpServer_v_03.c:(.text+0x199): undefined reference to `bind@12'
udpServer_v_03.o:udpServer_v_03.c:(.text+0x210): undefined reference to `recvfrom@24'
udpServer_v_03.o:udpServer_v_03.c:(.text+0x224): undefined reference to `WSAGetLastError@0'
udpServer_v_03.o:udpServer_v_03.c:(.text+0x297): undefined reference to `ntohs@4'
udpServer_v_03.o:udpServer_v_03.c:(.text+0x2ab): undefined reference to `inet_ntoa@4'
udpServer_v_03.o:udpServer_v_03.c:(.text+0x2df): undefined reference to `inet_ntoa@4'
udpServer_v_03.o:udpServer_v_03.c:(.text+0x2f2): undefined reference to `inet_ntoa@4'
udpServer_v_03.o:udpServer_v_03.c:(.text+0x351): undefined reference to `closesocket@4'
udpServer_v_03.o:udpServer_v_03.c:(.text+0x4c9): undefined reference to `sendto@24'
udpServer_v_03.o:udpServer_v_03.c:(.text+0x57a): undefined reference to `ntohs@4'
udpServer_v_03.o:udpServer_v_03.c:(.text+0x58e): undefined reference to `inet_ntoa@4'
udpServer_v_03.o:udpServer_v_03.c:(.text+0x5b9): undefined reference to `inet_ntoa@4'
udpServer_v_03.o:udpServer_v_03.c:(.text+0x5cc): undefined reference to `inet_ntoa@4'
udpServer_v_03.o:udpServer_v_03.c:(.text+0x64e): undefined reference to `inet_ntoa@4'
udpServer_v_03.o:udpServer_v_03.c:(.text+0x661): undefined reference to `inet_ntoa@4'
udpServer_v_03.o:udpServer_v_03.c:(.text+0x6bb): more undefined references to `inet_ntoa@4' follow
udpServer_v_03.o:udpServer_v_03.c:(.text+0x85a): undefined reference to `sendto@24'
udpServer_v_03.o:udpServer_v_03.c:(.text+0x924): undefined reference to `ntohs@4'
udpServer_v_03.o:udpServer_v_03.c:(.text+0x938): undefined reference to `inet_ntoa@4'
udpServer_v_03.o:udpServer_v_03.c:(.text+0x968): undefined reference to `inet_ntoa@4'
udpServer_v_03.o:udpServer_v_03.c:(.text+0x97b): undefined reference to `inet_ntoa@4'
udpServer_v_03.o:udpServer_v_03.c:(.text+0xa04): undefined reference to `sendto@24'
udpServer_v_03.o:udpServer_v_03.c:(.text+0xabf): undefined reference to `ntohs@4'
udpServer_v_03.o:udpServer_v_03.c:(.text+0xad3): undefined reference to `inet_ntoa@4'
udpServer_v_03.o:udpServer_v_03.c:(.text+0xb07): undefined reference to `inet_ntoa@4'
udpServer_v_03.o:udpServer_v_03.c:(.text+0xb1a): undefined reference to `inet_ntoa@4'
udpServer_v_03.o:udpServer_v_03.c:(.text+0xcb8): undefined reference to `ntohs@4'
udpServer_v_03.o:udpServer_v_03.c:(.text+0xccc): undefined reference to `inet_ntoa@4'
udpServer_v_03.o:udpServer_v_03.c:(.text+0xd78): undefined reference to `sendto@24'
udpServer_v_03.o:udpServer_v_03.c:(.text+0x10ca): undefined reference to `WSACleanup@0'
udpClient.o:udpClient.c:(.text+0x36): undefined reference to `WSAStartup@8'
udpClient.o:udpClient.c:(.text+0xeb): undefined reference to `socket@12'
udpClient.o:udpClient.c:(.text+0x145): undefined reference to `ioctlsocket@12'
udpClient.o:udpClient.c:(.text+0x179): undefined reference to `htons@4'
udpClient.o:udpClient.c:(.text+0x18f): undefined reference to `inet_addr@4'
udpClient.o:udpClient.c:(.text+0x275): undefined reference to `sendto@24'
udpClient.o:udpClient.c:(.text+0x336): undefined reference to `recvfrom@24'
udpClient.o:udpClient.c:(.text+0x34a): undefined reference to `WSAGetLastError@0'
udpClient.o:udpClient.c:(.text+0x451): undefined reference to `sendto@24'
udpClient.o:udpClient.c:(.text+0x4e8): undefined reference to `WSAGetLastError@0'
udpClient.o:udpClient.c:(.text+0x5c4): undefined reference to `sendto@24'
udpClient.o:udpClient.c:(.text+0x69c): undefined reference to `sendto@24'
udpClient.o:udpClient.c:(.text+0x746): undefined reference to `recvfrom@24'
udpClient.o:udpClient.c:(.text+0x839): undefined reference to `sendto@24'
udpClient.o:udpClient.c:(.text+0x8fe): undefined reference to `recvfrom@24'
udpClient.o:udpClient.c:(.text+0x912): undefined reference to `WSAGetLastError@0'
udpClient.o:udpClient.c:(.text+0x9cf): undefined reference to `sendto@24'
udpClient.o:udpClient.c:(.text+0xae4): undefined reference to `sendto@24'
udpClient.o:udpClient.c:(.text+0xb6f): undefined reference to `recvfrom@24'
udpClient.o:udpClient.c:(.text+0xb83): undefined reference to `WSAGetLastError@0'
collect2: ld returned 1 exit status
Build error occurred, build is stopped
Time consumed: 1132  ms.  
